<?xml version="1.0" encoding="UTF-8"?>
<!-- Generated by org.testng.reporters.JUnitXMLReporter -->
<testsuite hostname="15R" name="Command line test" tests="13" failures="1" timestamp="9 Feb 2019 07:24:46 GMT" time="329.151" errors="0">
  <testcase name="verifyContactsPageLabelTest" time="0.047" classname="com.qa.testClasses.ContactsPageTest"/>
  <testcase name="verifyHomePageTitleTest" time="0.01" classname="com.qa.testClasses.HomePageTest"/>
  <testcase name="loginPageTitleTest" time="0.018" classname="com.qa.testClasses.LoginPageTest">
    <failure type="java.lang.AssertionError" message="expected [#1 Free CRM software in the cloud for sales and service] but found [CRMPRO Log In Screen]">
      <![CDATA[java.lang.AssertionError: expected [#1 Free CRM software in the cloud for sales and service] but found [CRMPRO Log In Screen]
	at com.qa.testClasses.LoginPageTest.loginPageTitleTest(LoginPageTest.java:35)
	at org.apache.maven.surefire.testng.TestNGExecutor.run(TestNGExecutor.java:77)
	at org.apache.maven.surefire.testng.TestNGDirectoryTestSuite.executeMulti(TestNGDirectoryTestSuite.java:159)
	at org.apache.maven.surefire.testng.TestNGDirectoryTestSuite.execute(TestNGDirectoryTestSuite.java:99)
	at org.apache.maven.surefire.testng.TestNGProvider.invoke(TestNGProvider.java:106)
	at org.apache.maven.surefire.util.ReflectionUtils.invokeMethodWithArray(ReflectionUtils.java:189)
	at org.apache.maven.surefire.booter.ProviderFactory$ProviderProxy.invoke(ProviderFactory.java:165)
	at org.apache.maven.surefire.booter.ProviderFactory.invokeProvider(ProviderFactory.java:85)
	at org.apache.maven.surefire.booter.ForkedBooter.runSuitesInProcess(ForkedBooter.java:115)
	at org.apache.maven.surefire.booter.ForkedBooter.main(ForkedBooter.java:75)
... Removed 30 stack frames]]>
    </failure>
  </testcase> <!-- loginPageTitleTest -->
  <testcase name="selectContactsCheckBoxTest" time="0.127" classname="com.qa.testClasses.ContactsPageTest"/>
  <testcase name="verifyUserNameTest" time="0.275" classname="com.qa.testClasses.HomePageTest"/>
  <testcase name="crmLogoImageTest" time="0.052" classname="com.qa.testClasses.LoginPageTest"/>
  <testcase name="selectMultipleContactsCheckBoxTest" time="0.267" classname="com.qa.testClasses.ContactsPageTest"/>
  <testcase name="verifyContactsLinkTest" time="2.434" classname="com.qa.testClasses.HomePageTest"/>
  <testcase name="loginTest" time="15.824" classname="com.qa.testClasses.LoginPageTest"/>
  <testcase name="validateCreateNewContact" time="6.979" classname="com.qa.testClasses.ContactsPageTest"/>
  <testcase name="validateCreateNewContact" time="4.025" classname="com.qa.testClasses.ContactsPageTest"/>
  <testcase name="validateCreateNewContact" time="4.047" classname="com.qa.testClasses.ContactsPageTest"/>
  <testcase name="validateCreateNewContact" time="4.212" classname="com.qa.testClasses.ContactsPageTest"/>
</testsuite> <!-- Command line test -->
