<html>
<head>
<title>TestNG:  CRM Test Cases</title>
<link href="../testng.css" rel="stylesheet" type="text/css" />
<link href="../my-testng.css" rel="stylesheet" type="text/css" />

<style type="text/css">
.log { display: none;} 
.stack-trace { display: none;} 
</style>
<script type="text/javascript">
<!--
function flip(e) {
  current = e.style.display;
  if (current == 'block') {
    e.style.display = 'none';
    return 0;
  }
  else {
    e.style.display = 'block';
    return 1;
  }
}

function toggleBox(szDivId, elem, msg1, msg2)
{
  var res = -1;  if (document.getElementById) {
    res = flip(document.getElementById(szDivId));
  }
  else if (document.all) {
    // this is the way old msie versions work
    res = flip(document.all[szDivId]);
  }
  if(elem) {
    if(res == 0) elem.innerHTML = msg1; else elem.innerHTML = msg2;
  }

}

function toggleAllBoxes() {
  if (document.getElementsByTagName) {
    d = document.getElementsByTagName('div');
    for (i = 0; i < d.length; i++) {
      if (d[i].className == 'log') {
        flip(d[i]);
      }
    }
  }
}

// -->
</script>

</head>
<body>
<h2 align='center'>CRM Test Cases</h2><table border='1' align="center">
<tr>
<td>Tests passed/Failed/Skipped:</td><td>12/1/0</td>
</tr><tr>
<td>Started on:</td><td>Sat Feb 09 13:24:31 IST 2019</td>
</tr>
<tr><td>Total time:</td><td>335 seconds (335921 ms)</td>
</tr><tr>
<td>Included groups:</td><td></td>
</tr><tr>
<td>Excluded groups:</td><td></td>
</tr>
</table><p/>
<small><i>(Hover the method name to see the test class name)</i></small><p/>
<table width='100%' border='1' class='invocation-failed'>
<tr><td colspan='4' align='center'><b>FAILED TESTS</b></td></tr>
<tr><td><b>Test method</b></td>
<td width="30%"><b>Exception</b></td>
<td width="10%"><b>Time (seconds)</b></td>
<td><b>Instance</b></td>
</tr>
<tr>
<td title='com.qa.testClasses.LoginPageTest.loginPageTitleTest()'><b>loginPageTitleTest</b><br>Test class: com.qa.testClasses.LoginPageTest</td>
<td><div><pre>java.lang.AssertionError: expected [#1 Free CRM software in the cloud for sales and service] but found [CRMPRO Log In Screen]
	at com.qa.testClasses.LoginPageTest.loginPageTitleTest(LoginPageTest.java:35)
... Removed 29 stack frames</pre></div><a href='#' onClick='toggleBox("stack-trace1332439166", this, "Click to show all stack frames", "Click to hide stack frames")'>Click to show all stack frames</a>
<div class='stack-trace' id='stack-trace1332439166'><pre>java.lang.AssertionError: expected [#1 Free CRM software in the cloud for sales and service] but found [CRMPRO Log In Screen]
	at org.testng.Assert.fail(Assert.java:94)
	at org.testng.Assert.failNotEquals(Assert.java:494)
	at org.testng.Assert.assertEquals(Assert.java:123)
	at org.testng.Assert.assertEquals(Assert.java:176)
	at org.testng.Assert.assertEquals(Assert.java:186)
	at com.qa.testClasses.LoginPageTest.loginPageTitleTest(LoginPageTest.java:35)
	at sun.reflect.NativeMethodAccessorImpl.invoke0(Native Method)
	at sun.reflect.NativeMethodAccessorImpl.invoke(NativeMethodAccessorImpl.java:62)
	at sun.reflect.DelegatingMethodAccessorImpl.invoke(DelegatingMethodAccessorImpl.java:43)
	at java.lang.reflect.Method.invoke(Method.java:498)
	at org.testng.internal.MethodInvocationHelper.invokeMethod(MethodInvocationHelper.java:80)
	at org.testng.internal.Invoker.invokeMethod(Invoker.java:714)
	at org.testng.internal.Invoker.invokeTestMethod(Invoker.java:901)
	at org.testng.internal.Invoker.invokeTestMethods(Invoker.java:1231)
	at org.testng.internal.TestMethodWorker.invokeTestMethods(TestMethodWorker.java:127)
	at org.testng.internal.TestMethodWorker.run(TestMethodWorker.java:111)
	at org.testng.TestRunner.privateRun(TestRunner.java:767)
	at org.testng.TestRunner.run(TestRunner.java:617)
	at org.testng.SuiteRunner.runTest(SuiteRunner.java:334)
	at org.testng.SuiteRunner.runSequentially(SuiteRunner.java:329)
	at org.testng.SuiteRunner.privateRun(SuiteRunner.java:291)
	at org.testng.SuiteRunner.run(SuiteRunner.java:240)
	at org.testng.SuiteRunnerWorker.runSuite(SuiteRunnerWorker.java:52)
	at org.testng.SuiteRunnerWorker.run(SuiteRunnerWorker.java:86)
	at org.testng.TestNG.runSuitesSequentially(TestNG.java:1198)
	at org.testng.TestNG.runSuitesLocally(TestNG.java:1123)
	at org.testng.TestNG.run(TestNG.java:1031)
	at org.testng.remote.AbstractRemoteTestNG.run(AbstractRemoteTestNG.java:114)
	at org.testng.remote.RemoteTestNG.initAndRun(RemoteTestNG.java:251)
	at org.testng.remote.RemoteTestNG.main(RemoteTestNG.java:77)
</pre></div></td>
<td>0</td>
<td>com.qa.testClasses.LoginPageTest@59fa1d9b</td></tr>
</table><p>
<table width='100%' border='1' class='invocation-passed'>
<tr><td colspan='4' align='center'><b>PASSED TESTS</b></td></tr>
<tr><td><b>Test method</b></td>
<td width="30%"><b>Exception</b></td>
<td width="10%"><b>Time (seconds)</b></td>
<td><b>Instance</b></td>
</tr>
<tr>
<td title='com.qa.testClasses.LoginPageTest.crmLogoImageTest()'><b>crmLogoImageTest</b><br>Test class: com.qa.testClasses.LoginPageTest</td>
<td></td>
<td>0</td>
<td>com.qa.testClasses.LoginPageTest@59fa1d9b</td></tr>
<tr>
<td title='com.qa.testClasses.LoginPageTest.loginTest()'><b>loginTest</b><br>Test class: com.qa.testClasses.LoginPageTest</td>
<td></td>
<td>19</td>
<td>com.qa.testClasses.LoginPageTest@59fa1d9b</td></tr>
<tr>
<td title='com.qa.testClasses.ContactsPageTest.selectContactsCheckBoxTest()'><b>selectContactsCheckBoxTest</b><br>Test class: com.qa.testClasses.ContactsPageTest</td>
<td></td>
<td>0</td>
<td>com.qa.testClasses.ContactsPageTest@47c62251</td></tr>
<tr>
<td title='com.qa.testClasses.ContactsPageTest.selectMultipleContactsCheckBoxTest()'><b>selectMultipleContactsCheckBoxTest</b><br>Test class: com.qa.testClasses.ContactsPageTest</td>
<td></td>
<td>0</td>
<td>com.qa.testClasses.ContactsPageTest@47c62251</td></tr>
<tr>
<td title='com.qa.testClasses.ContactsPageTest.validateCreateNewContact()'><b>validateCreateNewContact</b><br>Test class: com.qa.testClasses.ContactsPageTest</td>
<td></td>
<td>5</td>
<td>com.qa.testClasses.ContactsPageTest@47c62251</td></tr>
<tr>
<td title='com.qa.testClasses.ContactsPageTest.validateCreateNewContact()'><b>validateCreateNewContact</b><br>Test class: com.qa.testClasses.ContactsPageTest<br>Parameters: Mr., Tom, Peter, Google</td>
<td></td>
<td>4</td>
<td>com.qa.testClasses.ContactsPageTest@47c62251</td></tr>
<tr>
<td title='com.qa.testClasses.ContactsPageTest.validateCreateNewContact()'><b>validateCreateNewContact</b><br>Test class: com.qa.testClasses.ContactsPageTest<br>Parameters: Dr., Steve, Harry, Amazon</td>
<td></td>
<td>6</td>
<td>com.qa.testClasses.ContactsPageTest@47c62251</td></tr>
<tr>
<td title='com.qa.testClasses.ContactsPageTest.validateCreateNewContact()'><b>validateCreateNewContact</b><br>Test class: com.qa.testClasses.ContactsPageTest<br>Parameters: Mrs., Gubu, Gubal, IT software</td>
<td></td>
<td>4</td>
<td>com.qa.testClasses.ContactsPageTest@47c62251</td></tr>
<tr>
<td title='com.qa.testClasses.HomePageTest.verifyContactsLinkTest()'><b>verifyContactsLinkTest</b><br>Test class: com.qa.testClasses.HomePageTest</td>
<td></td>
<td>1</td>
<td>com.qa.testClasses.HomePageTest@3e6fa38a</td></tr>
<tr>
<td title='com.qa.testClasses.ContactsPageTest.verifyContactsPageLabelTest()'><b>verifyContactsPageLabelTest</b><br>Test class: com.qa.testClasses.ContactsPageTest</td>
<td></td>
<td>0</td>
<td>com.qa.testClasses.ContactsPageTest@47c62251</td></tr>
<tr>
<td title='com.qa.testClasses.HomePageTest.verifyHomePageTitleTest()'><b>verifyHomePageTitleTest</b><br>Test class: com.qa.testClasses.HomePageTest</td>
<td></td>
<td>0</td>
<td>com.qa.testClasses.HomePageTest@3e6fa38a</td></tr>
<tr>
<td title='com.qa.testClasses.HomePageTest.verifyUserNameTest()'><b>verifyUserNameTest</b><br>Test class: com.qa.testClasses.HomePageTest</td>
<td></td>
<td>0</td>
<td>com.qa.testClasses.HomePageTest@3e6fa38a</td></tr>
</table><p>
</body>
</html>