<?xml version="1.0" encoding="UTF-8"?>
<testng-results skipped="0" failed="1" total="13" passed="12">
  <reporter-output>
  </reporter-output>
  <suite name="Command line suite" duration-ms="329151" started-at="2019-02-09T07:19:17Z" finished-at="2019-02-09T07:24:46Z">
    <groups>
    </groups>
    <test name="Command line test" duration-ms="329151" started-at="2019-02-09T07:19:17Z" finished-at="2019-02-09T07:24:46Z">
      <class name="com.qa.testClasses.HomePageTest">
        <test-method status="PASS" signature="setup()[pri:0, instance:com.qa.testClasses.HomePageTest@34b7bfc0]" name="setup" is-config="true" duration-ms="24184" started-at="2019-02-09T12:49:47Z" finished-at="2019-02-09T12:50:11Z">
          <reporter-output>
          </reporter-output>
        </test-method> <!-- setup -->
        <test-method status="PASS" signature="verifyHomePageTitleTest()[pri:0, instance:com.qa.testClasses.HomePageTest@34b7bfc0]" name="verifyHomePageTitleTest" duration-ms="10" started-at="2019-02-09T12:50:11Z" finished-at="2019-02-09T12:50:11Z">
          <reporter-output>
          </reporter-output>
        </test-method> <!-- verifyHomePageTitleTest -->
        <test-method status="PASS" signature="tearDown()[pri:0, instance:com.qa.testClasses.HomePageTest@34b7bfc0]" name="tearDown" is-config="true" duration-ms="692" started-at="2019-02-09T12:50:11Z" finished-at="2019-02-09T12:50:12Z">
          <reporter-output>
          </reporter-output>
        </test-method> <!-- tearDown -->
        <test-method status="PASS" signature="setup()[pri:0, instance:com.qa.testClasses.HomePageTest@34b7bfc0]" name="setup" is-config="true" duration-ms="23972" started-at="2019-02-09T12:50:48Z" finished-at="2019-02-09T12:51:12Z">
          <reporter-output>
          </reporter-output>
        </test-method> <!-- setup -->
        <test-method status="PASS" signature="verifyUserNameTest()[pri:0, instance:com.qa.testClasses.HomePageTest@34b7bfc0]" name="verifyUserNameTest" duration-ms="275" started-at="2019-02-09T12:51:12Z" finished-at="2019-02-09T12:51:12Z">
          <reporter-output>
          </reporter-output>
        </test-method> <!-- verifyUserNameTest -->
        <test-method status="PASS" signature="tearDown()[pri:0, instance:com.qa.testClasses.HomePageTest@34b7bfc0]" name="tearDown" is-config="true" duration-ms="1099" started-at="2019-02-09T12:51:12Z" finished-at="2019-02-09T12:51:13Z">
          <reporter-output>
          </reporter-output>
        </test-method> <!-- tearDown -->
        <test-method status="PASS" signature="setup()[pri:0, instance:com.qa.testClasses.HomePageTest@34b7bfc0]" name="setup" is-config="true" duration-ms="24269" started-at="2019-02-09T12:51:49Z" finished-at="2019-02-09T12:52:13Z">
          <reporter-output>
          </reporter-output>
        </test-method> <!-- setup -->
        <test-method status="PASS" signature="verifyContactsLinkTest()[pri:0, instance:com.qa.testClasses.HomePageTest@34b7bfc0]" name="verifyContactsLinkTest" duration-ms="2434" started-at="2019-02-09T12:52:13Z" finished-at="2019-02-09T12:52:16Z">
          <reporter-output>
          </reporter-output>
        </test-method> <!-- verifyContactsLinkTest -->
        <test-method status="PASS" signature="tearDown()[pri:0, instance:com.qa.testClasses.HomePageTest@34b7bfc0]" name="tearDown" is-config="true" duration-ms="1284" started-at="2019-02-09T12:52:16Z" finished-at="2019-02-09T12:52:17Z">
          <reporter-output>
          </reporter-output>
        </test-method> <!-- tearDown -->
      </class> <!-- com.qa.testClasses.HomePageTest -->
      <class name="com.qa.testClasses.LoginPageTest">
        <test-method status="PASS" signature="setup()[pri:0, instance:com.qa.testClasses.LoginPageTest@366e2eef]" name="setup" is-config="true" duration-ms="8036" started-at="2019-02-09T12:50:12Z" finished-at="2019-02-09T12:50:20Z">
          <reporter-output>
          </reporter-output>
        </test-method> <!-- setup -->
        <test-method status="FAIL" signature="loginPageTitleTest()[pri:0, instance:com.qa.testClasses.LoginPageTest@366e2eef]" name="loginPageTitleTest" duration-ms="18" started-at="2019-02-09T12:50:20Z" finished-at="2019-02-09T12:50:20Z">
          <exception class="java.lang.AssertionError">
            <message>
              <![CDATA[expected [#1 Free CRM software in the cloud for sales and service] but found [CRMPRO Log In Screen]]]>
            </message>
            <full-stacktrace>
              <![CDATA[java.lang.AssertionError: expected [#1 Free CRM software in the cloud for sales and service] but found [CRMPRO Log In Screen]
	at org.testng.Assert.fail(Assert.java:94)
	at org.testng.Assert.failNotEquals(Assert.java:494)
	at org.testng.Assert.assertEquals(Assert.java:123)
	at org.testng.Assert.assertEquals(Assert.java:176)
	at org.testng.Assert.assertEquals(Assert.java:186)
	at com.qa.testClasses.LoginPageTest.loginPageTitleTest(LoginPageTest.java:35)
	at sun.reflect.NativeMethodAccessorImpl.invoke0(Native Method)
	at sun.reflect.NativeMethodAccessorImpl.invoke(NativeMethodAccessorImpl.java:62)
	at sun.reflect.DelegatingMethodAccessorImpl.invoke(DelegatingMethodAccessorImpl.java:43)
	at java.lang.reflect.Method.invoke(Method.java:498)
	at org.testng.internal.MethodInvocationHelper.invokeMethod(MethodInvocationHelper.java:80)
	at org.testng.internal.Invoker.invokeMethod(Invoker.java:714)
	at org.testng.internal.Invoker.invokeTestMethod(Invoker.java:901)
	at org.testng.internal.Invoker.invokeTestMethods(Invoker.java:1231)
	at org.testng.internal.TestMethodWorker.invokeTestMethods(TestMethodWorker.java:127)
	at org.testng.internal.TestMethodWorker.run(TestMethodWorker.java:111)
	at org.testng.TestRunner.privateRun(TestRunner.java:767)
	at org.testng.TestRunner.run(TestRunner.java:617)
	at org.testng.SuiteRunner.runTest(SuiteRunner.java:334)
	at org.testng.SuiteRunner.runSequentially(SuiteRunner.java:329)
	at org.testng.SuiteRunner.privateRun(SuiteRunner.java:291)
	at org.testng.SuiteRunner.run(SuiteRunner.java:240)
	at org.testng.SuiteRunnerWorker.runSuite(SuiteRunnerWorker.java:52)
	at org.testng.SuiteRunnerWorker.run(SuiteRunnerWorker.java:86)
	at org.testng.TestNG.runSuitesSequentially(TestNG.java:1198)
	at org.testng.TestNG.runSuitesLocally(TestNG.java:1123)
	at org.testng.TestNG.run(TestNG.java:1031)
	at org.apache.maven.surefire.testng.TestNGExecutor.run(TestNGExecutor.java:77)
	at org.apache.maven.surefire.testng.TestNGDirectoryTestSuite.executeMulti(TestNGDirectoryTestSuite.java:159)
	at org.apache.maven.surefire.testng.TestNGDirectoryTestSuite.execute(TestNGDirectoryTestSuite.java:99)
	at org.apache.maven.surefire.testng.TestNGProvider.invoke(TestNGProvider.java:106)
	at sun.reflect.NativeMethodAccessorImpl.invoke0(Native Method)
	at sun.reflect.NativeMethodAccessorImpl.invoke(NativeMethodAccessorImpl.java:62)
	at sun.reflect.DelegatingMethodAccessorImpl.invoke(DelegatingMethodAccessorImpl.java:43)
	at java.lang.reflect.Method.invoke(Method.java:498)
	at org.apache.maven.surefire.util.ReflectionUtils.invokeMethodWithArray(ReflectionUtils.java:189)
	at org.apache.maven.surefire.booter.ProviderFactory$ProviderProxy.invoke(ProviderFactory.java:165)
	at org.apache.maven.surefire.booter.ProviderFactory.invokeProvider(ProviderFactory.java:85)
	at org.apache.maven.surefire.booter.ForkedBooter.runSuitesInProcess(ForkedBooter.java:115)
	at org.apache.maven.surefire.booter.ForkedBooter.main(ForkedBooter.java:75)
]]>
            </full-stacktrace>
          </exception> <!-- java.lang.AssertionError -->
          <reporter-output>
          </reporter-output>
        </test-method> <!-- loginPageTitleTest -->
        <test-method status="PASS" signature="tearDown()[pri:0, instance:com.qa.testClasses.LoginPageTest@366e2eef]" name="tearDown" is-config="true" duration-ms="1171" started-at="2019-02-09T12:50:20Z" finished-at="2019-02-09T12:50:21Z">
          <reporter-output>
          </reporter-output>
        </test-method> <!-- tearDown -->
        <test-method status="PASS" signature="setup()[pri:0, instance:com.qa.testClasses.LoginPageTest@366e2eef]" name="setup" is-config="true" duration-ms="8683" started-at="2019-02-09T12:51:13Z" finished-at="2019-02-09T12:51:22Z">
          <reporter-output>
          </reporter-output>
        </test-method> <!-- setup -->
        <test-method status="PASS" signature="crmLogoImageTest()[pri:0, instance:com.qa.testClasses.LoginPageTest@366e2eef]" name="crmLogoImageTest" duration-ms="52" started-at="2019-02-09T12:51:22Z" finished-at="2019-02-09T12:51:22Z">
          <reporter-output>
          </reporter-output>
        </test-method> <!-- crmLogoImageTest -->
        <test-method status="PASS" signature="tearDown()[pri:0, instance:com.qa.testClasses.LoginPageTest@366e2eef]" name="tearDown" is-config="true" duration-ms="693" started-at="2019-02-09T12:51:22Z" finished-at="2019-02-09T12:51:23Z">
          <reporter-output>
          </reporter-output>
        </test-method> <!-- tearDown -->
        <test-method status="PASS" signature="setup()[pri:0, instance:com.qa.testClasses.LoginPageTest@366e2eef]" name="setup" is-config="true" duration-ms="8020" started-at="2019-02-09T12:52:17Z" finished-at="2019-02-09T12:52:25Z">
          <reporter-output>
          </reporter-output>
        </test-method> <!-- setup -->
        <test-method status="PASS" signature="loginTest()[pri:0, instance:com.qa.testClasses.LoginPageTest@366e2eef]" name="loginTest" duration-ms="15824" started-at="2019-02-09T12:52:25Z" finished-at="2019-02-09T12:52:41Z">
          <reporter-output>
          </reporter-output>
        </test-method> <!-- loginTest -->
        <test-method status="PASS" signature="tearDown()[pri:0, instance:com.qa.testClasses.LoginPageTest@366e2eef]" name="tearDown" is-config="true" duration-ms="708" started-at="2019-02-09T12:52:41Z" finished-at="2019-02-09T12:52:42Z">
          <reporter-output>
          </reporter-output>
        </test-method> <!-- tearDown -->
      </class> <!-- com.qa.testClasses.LoginPageTest -->
      <class name="com.qa.testClasses.ContactsPageTest">
        <test-method status="PASS" signature="setup()[pri:0, instance:com.qa.testClasses.ContactsPageTest@3567135c]" name="setup" is-config="true" duration-ms="28631" started-at="2019-02-09T12:49:17Z" finished-at="2019-02-09T12:49:46Z">
          <reporter-output>
          </reporter-output>
        </test-method> <!-- setup -->
        <test-method status="PASS" signature="verifyContactsPageLabelTest()[pri:0, instance:com.qa.testClasses.ContactsPageTest@3567135c]" name="verifyContactsPageLabelTest" duration-ms="47" started-at="2019-02-09T12:49:46Z" finished-at="2019-02-09T12:49:46Z">
          <reporter-output>
          </reporter-output>
        </test-method> <!-- verifyContactsPageLabelTest -->
        <test-method status="PASS" signature="tearDown()[pri:0, instance:com.qa.testClasses.ContactsPageTest@3567135c]" name="tearDown" is-config="true" duration-ms="751" started-at="2019-02-09T12:49:46Z" finished-at="2019-02-09T12:49:47Z">
          <reporter-output>
          </reporter-output>
        </test-method> <!-- tearDown -->
        <test-method status="PASS" signature="setup()[pri:0, instance:com.qa.testClasses.ContactsPageTest@3567135c]" name="setup" is-config="true" duration-ms="26270" started-at="2019-02-09T12:50:21Z" finished-at="2019-02-09T12:50:47Z">
          <reporter-output>
          </reporter-output>
        </test-method> <!-- setup -->
        <test-method status="PASS" signature="selectContactsCheckBoxTest()[pri:0, instance:com.qa.testClasses.ContactsPageTest@3567135c]" name="selectContactsCheckBoxTest" duration-ms="127" started-at="2019-02-09T12:50:47Z" finished-at="2019-02-09T12:50:47Z">
          <reporter-output>
          </reporter-output>
        </test-method> <!-- selectContactsCheckBoxTest -->
        <test-method status="PASS" signature="tearDown()[pri:0, instance:com.qa.testClasses.ContactsPageTest@3567135c]" name="tearDown" is-config="true" duration-ms="724" started-at="2019-02-09T12:50:47Z" finished-at="2019-02-09T12:50:48Z">
          <reporter-output>
          </reporter-output>
        </test-method> <!-- tearDown -->
        <test-method status="PASS" signature="setup()[pri:0, instance:com.qa.testClasses.ContactsPageTest@3567135c]" name="setup" is-config="true" duration-ms="25502" started-at="2019-02-09T12:51:23Z" finished-at="2019-02-09T12:51:48Z">
          <reporter-output>
          </reporter-output>
        </test-method> <!-- setup -->
        <test-method status="PASS" signature="selectMultipleContactsCheckBoxTest()[pri:0, instance:com.qa.testClasses.ContactsPageTest@3567135c]" name="selectMultipleContactsCheckBoxTest" duration-ms="267" started-at="2019-02-09T12:51:48Z" finished-at="2019-02-09T12:51:48Z">
          <reporter-output>
          </reporter-output>
        </test-method> <!-- selectMultipleContactsCheckBoxTest -->
        <test-method status="PASS" signature="tearDown()[pri:0, instance:com.qa.testClasses.ContactsPageTest@3567135c]" name="tearDown" is-config="true" duration-ms="712" started-at="2019-02-09T12:51:48Z" finished-at="2019-02-09T12:51:49Z">
          <reporter-output>
          </reporter-output>
        </test-method> <!-- tearDown -->
        <test-method status="PASS" signature="setup()[pri:0, instance:com.qa.testClasses.ContactsPageTest@3567135c]" name="setup" is-config="true" duration-ms="24352" started-at="2019-02-09T12:52:42Z" finished-at="2019-02-09T12:53:06Z">
          <reporter-output>
          </reporter-output>
        </test-method> <!-- setup -->
        <test-method status="PASS" signature="validateCreateNewContact()[pri:0, instance:com.qa.testClasses.ContactsPageTest@3567135c]" name="validateCreateNewContact" duration-ms="6979" started-at="2019-02-09T12:53:06Z" finished-at="2019-02-09T12:53:13Z">
          <reporter-output>
          </reporter-output>
        </test-method> <!-- validateCreateNewContact -->
        <test-method status="PASS" signature="tearDown()[pri:0, instance:com.qa.testClasses.ContactsPageTest@3567135c]" name="tearDown" is-config="true" duration-ms="709" started-at="2019-02-09T12:53:13Z" finished-at="2019-02-09T12:53:14Z">
          <reporter-output>
          </reporter-output>
        </test-method> <!-- tearDown -->
        <test-method status="PASS" signature="setup()[pri:0, instance:com.qa.testClasses.ContactsPageTest@3567135c]" name="setup" is-config="true" duration-ms="25077" started-at="2019-02-09T12:53:15Z" finished-at="2019-02-09T12:53:40Z">
          <reporter-output>
          </reporter-output>
        </test-method> <!-- setup -->
        <test-method status="PASS" signature="validateCreateNewContact(java.lang.String, java.lang.String, java.lang.String, java.lang.String)[pri:0, instance:com.qa.testClasses.ContactsPageTest@3567135c]" name="validateCreateNewContact" duration-ms="4025" started-at="2019-02-09T12:53:40Z" data-provider="getCRMTestData" finished-at="2019-02-09T12:53:44Z">
          <params>
            <param index="0">
              <value>
                <![CDATA[Mr.]]>
              </value>
            </param>
            <param index="1">
              <value>
                <![CDATA[Tom]]>
              </value>
            </param>
            <param index="2">
              <value>
                <![CDATA[Peter]]>
              </value>
            </param>
            <param index="3">
              <value>
                <![CDATA[Google]]>
              </value>
            </param>
          </params>
          <reporter-output>
          </reporter-output>
        </test-method> <!-- validateCreateNewContact -->
        <test-method status="PASS" signature="tearDown()[pri:0, instance:com.qa.testClasses.ContactsPageTest@3567135c]" name="tearDown" is-config="true" duration-ms="743" started-at="2019-02-09T12:53:44Z" finished-at="2019-02-09T12:53:45Z">
          <reporter-output>
          </reporter-output>
        </test-method> <!-- tearDown -->
        <test-method status="PASS" signature="setup()[pri:0, instance:com.qa.testClasses.ContactsPageTest@3567135c]" name="setup" is-config="true" duration-ms="26512" started-at="2019-02-09T12:53:45Z" finished-at="2019-02-09T12:54:12Z">
          <reporter-output>
          </reporter-output>
        </test-method> <!-- setup -->
        <test-method status="PASS" signature="validateCreateNewContact(java.lang.String, java.lang.String, java.lang.String, java.lang.String)[pri:0, instance:com.qa.testClasses.ContactsPageTest@3567135c]" name="validateCreateNewContact" duration-ms="4047" started-at="2019-02-09T12:54:12Z" data-provider="getCRMTestData" finished-at="2019-02-09T12:54:16Z">
          <params>
            <param index="0">
              <value>
                <![CDATA[Dr.]]>
              </value>
            </param>
            <param index="1">
              <value>
                <![CDATA[Steve]]>
              </value>
            </param>
            <param index="2">
              <value>
                <![CDATA[Harry]]>
              </value>
            </param>
            <param index="3">
              <value>
                <![CDATA[Amazon]]>
              </value>
            </param>
          </params>
          <reporter-output>
          </reporter-output>
        </test-method> <!-- validateCreateNewContact -->
        <test-method status="PASS" signature="tearDown()[pri:0, instance:com.qa.testClasses.ContactsPageTest@3567135c]" name="tearDown" is-config="true" duration-ms="693" started-at="2019-02-09T12:54:16Z" finished-at="2019-02-09T12:54:16Z">
          <reporter-output>
          </reporter-output>
        </test-method> <!-- tearDown -->
        <test-method status="PASS" signature="setup()[pri:0, instance:com.qa.testClasses.ContactsPageTest@3567135c]" name="setup" is-config="true" duration-ms="25126" started-at="2019-02-09T12:54:16Z" finished-at="2019-02-09T12:54:41Z">
          <reporter-output>
          </reporter-output>
        </test-method> <!-- setup -->
        <test-method status="PASS" signature="validateCreateNewContact(java.lang.String, java.lang.String, java.lang.String, java.lang.String)[pri:0, instance:com.qa.testClasses.ContactsPageTest@3567135c]" name="validateCreateNewContact" duration-ms="4212" started-at="2019-02-09T12:54:41Z" data-provider="getCRMTestData" finished-at="2019-02-09T12:54:46Z">
          <params>
            <param index="0">
              <value>
                <![CDATA[Mrs.]]>
              </value>
            </param>
            <param index="1">
              <value>
                <![CDATA[Gubu]]>
              </value>
            </param>
            <param index="2">
              <value>
                <![CDATA[Gubal]]>
              </value>
            </param>
            <param index="3">
              <value>
                <![CDATA[IT software]]>
              </value>
            </param>
          </params>
          <reporter-output>
          </reporter-output>
        </test-method> <!-- validateCreateNewContact -->
        <test-method status="PASS" signature="tearDown()[pri:0, instance:com.qa.testClasses.ContactsPageTest@3567135c]" name="tearDown" is-config="true" duration-ms="694" started-at="2019-02-09T12:54:46Z" finished-at="2019-02-09T12:54:46Z">
          <reporter-output>
          </reporter-output>
        </test-method> <!-- tearDown -->
      </class> <!-- com.qa.testClasses.ContactsPageTest -->
    </test> <!-- Command line test -->
  </suite> <!-- Command line suite -->
</testng-results>
