<?xml version="1.0" encoding="UTF-8"?>
<testng-results skipped="0" failed="1" total="13" passed="12">
  <reporter-output>
  </reporter-output>
  <suite name="Free CRM Automation Suite" duration-ms="335921" started-at="2019-02-09T07:54:31Z" finished-at="2019-02-09T08:00:07Z">
    <groups>
    </groups>
    <test name="CRM Test Cases" duration-ms="335921" started-at="2019-02-09T07:54:31Z" finished-at="2019-02-09T08:00:07Z">
      <class name="com.qa.testClasses.HomePageTest">
        <test-method status="PASS" signature="setup()[pri:0, instance:com.qa.testClasses.HomePageTest@3e6fa38a]" name="setup" is-config="true" duration-ms="23140" started-at="2019-02-09T13:28:00Z" finished-at="2019-02-09T13:28:24Z">
          <reporter-output>
          </reporter-output>
        </test-method> <!-- setup -->
        <test-method status="PASS" signature="verifyHomePageTitleTest()[pri:0, instance:com.qa.testClasses.HomePageTest@3e6fa38a]" name="verifyHomePageTitleTest" duration-ms="14" started-at="2019-02-09T13:28:24Z" finished-at="2019-02-09T13:28:24Z">
          <reporter-output>
          </reporter-output>
        </test-method> <!-- verifyHomePageTitleTest -->
        <test-method status="PASS" signature="tearDown()[pri:0, instance:com.qa.testClasses.HomePageTest@3e6fa38a]" name="tearDown" is-config="true" duration-ms="712" started-at="2019-02-09T13:28:24Z" finished-at="2019-02-09T13:28:24Z">
          <reporter-output>
          </reporter-output>
        </test-method> <!-- tearDown -->
        <test-method status="PASS" signature="setup()[pri:0, instance:com.qa.testClasses.HomePageTest@3e6fa38a]" name="setup" is-config="true" duration-ms="23218" started-at="2019-02-09T13:28:24Z" finished-at="2019-02-09T13:28:48Z">
          <reporter-output>
          </reporter-output>
        </test-method> <!-- setup -->
        <test-method status="PASS" signature="verifyUserNameTest()[pri:0, instance:com.qa.testClasses.HomePageTest@3e6fa38a]" name="verifyUserNameTest" duration-ms="104" started-at="2019-02-09T13:28:48Z" finished-at="2019-02-09T13:28:48Z">
          <reporter-output>
          </reporter-output>
        </test-method> <!-- verifyUserNameTest -->
        <test-method status="PASS" signature="tearDown()[pri:0, instance:com.qa.testClasses.HomePageTest@3e6fa38a]" name="tearDown" is-config="true" duration-ms="713" started-at="2019-02-09T13:28:48Z" finished-at="2019-02-09T13:28:48Z">
          <reporter-output>
          </reporter-output>
        </test-method> <!-- tearDown -->
        <test-method status="PASS" signature="setup()[pri:0, instance:com.qa.testClasses.HomePageTest@3e6fa38a]" name="setup" is-config="true" duration-ms="23713" started-at="2019-02-09T13:28:48Z" finished-at="2019-02-09T13:29:12Z">
          <reporter-output>
          </reporter-output>
        </test-method> <!-- setup -->
        <test-method status="PASS" signature="verifyContactsLinkTest()[pri:0, instance:com.qa.testClasses.HomePageTest@3e6fa38a]" name="verifyContactsLinkTest" duration-ms="1395" started-at="2019-02-09T13:29:12Z" finished-at="2019-02-09T13:29:13Z">
          <reporter-output>
          </reporter-output>
        </test-method> <!-- verifyContactsLinkTest -->
        <test-method status="PASS" signature="tearDown()[pri:0, instance:com.qa.testClasses.HomePageTest@3e6fa38a]" name="tearDown" is-config="true" duration-ms="737" started-at="2019-02-09T13:29:13Z" finished-at="2019-02-09T13:29:14Z">
          <reporter-output>
          </reporter-output>
        </test-method> <!-- tearDown -->
      </class> <!-- com.qa.testClasses.HomePageTest -->
      <class name="com.qa.testClasses.LoginPageTest">
        <test-method status="PASS" signature="setup()[pri:0, instance:com.qa.testClasses.LoginPageTest@59fa1d9b]" name="setup" is-config="true" duration-ms="15143" started-at="2019-02-09T13:29:14Z" finished-at="2019-02-09T13:29:29Z">
          <reporter-output>
          </reporter-output>
        </test-method> <!-- setup -->
        <test-method status="FAIL" signature="loginPageTitleTest()[pri:0, instance:com.qa.testClasses.LoginPageTest@59fa1d9b]" name="loginPageTitleTest" duration-ms="22" started-at="2019-02-09T13:29:29Z" finished-at="2019-02-09T13:29:29Z">
          <exception class="java.lang.AssertionError">
            <message>
              <![CDATA[expected [#1 Free CRM software in the cloud for sales and service] but found [CRMPRO Log In Screen]]]>
            </message>
            <full-stacktrace>
              <![CDATA[java.lang.AssertionError: expected [#1 Free CRM software in the cloud for sales and service] but found [CRMPRO Log In Screen]
	at org.testng.Assert.fail(Assert.java:94)
	at org.testng.Assert.failNotEquals(Assert.java:494)
	at org.testng.Assert.assertEquals(Assert.java:123)
	at org.testng.Assert.assertEquals(Assert.java:176)
	at org.testng.Assert.assertEquals(Assert.java:186)
	at com.qa.testClasses.LoginPageTest.loginPageTitleTest(LoginPageTest.java:35)
	at sun.reflect.NativeMethodAccessorImpl.invoke0(Native Method)
	at sun.reflect.NativeMethodAccessorImpl.invoke(NativeMethodAccessorImpl.java:62)
	at sun.reflect.DelegatingMethodAccessorImpl.invoke(DelegatingMethodAccessorImpl.java:43)
	at java.lang.reflect.Method.invoke(Method.java:498)
	at org.testng.internal.MethodInvocationHelper.invokeMethod(MethodInvocationHelper.java:80)
	at org.testng.internal.Invoker.invokeMethod(Invoker.java:714)
	at org.testng.internal.Invoker.invokeTestMethod(Invoker.java:901)
	at org.testng.internal.Invoker.invokeTestMethods(Invoker.java:1231)
	at org.testng.internal.TestMethodWorker.invokeTestMethods(TestMethodWorker.java:127)
	at org.testng.internal.TestMethodWorker.run(TestMethodWorker.java:111)
	at org.testng.TestRunner.privateRun(TestRunner.java:767)
	at org.testng.TestRunner.run(TestRunner.java:617)
	at org.testng.SuiteRunner.runTest(SuiteRunner.java:334)
	at org.testng.SuiteRunner.runSequentially(SuiteRunner.java:329)
	at org.testng.SuiteRunner.privateRun(SuiteRunner.java:291)
	at org.testng.SuiteRunner.run(SuiteRunner.java:240)
	at org.testng.SuiteRunnerWorker.runSuite(SuiteRunnerWorker.java:52)
	at org.testng.SuiteRunnerWorker.run(SuiteRunnerWorker.java:86)
	at org.testng.TestNG.runSuitesSequentially(TestNG.java:1198)
	at org.testng.TestNG.runSuitesLocally(TestNG.java:1123)
	at org.testng.TestNG.run(TestNG.java:1031)
	at org.testng.remote.AbstractRemoteTestNG.run(AbstractRemoteTestNG.java:114)
	at org.testng.remote.RemoteTestNG.initAndRun(RemoteTestNG.java:251)
	at org.testng.remote.RemoteTestNG.main(RemoteTestNG.java:77)
]]>
            </full-stacktrace>
          </exception> <!-- java.lang.AssertionError -->
          <reporter-output>
          </reporter-output>
        </test-method> <!-- loginPageTitleTest -->
        <test-method status="PASS" signature="tearDown()[pri:0, instance:com.qa.testClasses.LoginPageTest@59fa1d9b]" name="tearDown" is-config="true" duration-ms="748" started-at="2019-02-09T13:29:29Z" finished-at="2019-02-09T13:29:30Z">
          <reporter-output>
          </reporter-output>
        </test-method> <!-- tearDown -->
        <test-method status="PASS" signature="setup()[pri:0, instance:com.qa.testClasses.LoginPageTest@59fa1d9b]" name="setup" is-config="true" duration-ms="8140" started-at="2019-02-09T13:29:30Z" finished-at="2019-02-09T13:29:38Z">
          <reporter-output>
          </reporter-output>
        </test-method> <!-- setup -->
        <test-method status="PASS" signature="crmLogoImageTest()[pri:0, instance:com.qa.testClasses.LoginPageTest@59fa1d9b]" name="crmLogoImageTest" duration-ms="52" started-at="2019-02-09T13:29:38Z" finished-at="2019-02-09T13:29:38Z">
          <reporter-output>
          </reporter-output>
        </test-method> <!-- crmLogoImageTest -->
        <test-method status="PASS" signature="tearDown()[pri:0, instance:com.qa.testClasses.LoginPageTest@59fa1d9b]" name="tearDown" is-config="true" duration-ms="688" started-at="2019-02-09T13:29:38Z" finished-at="2019-02-09T13:29:39Z">
          <reporter-output>
          </reporter-output>
        </test-method> <!-- tearDown -->
        <test-method status="PASS" signature="setup()[pri:0, instance:com.qa.testClasses.LoginPageTest@59fa1d9b]" name="setup" is-config="true" duration-ms="8126" started-at="2019-02-09T13:29:39Z" finished-at="2019-02-09T13:29:47Z">
          <reporter-output>
          </reporter-output>
        </test-method> <!-- setup -->
        <test-method status="PASS" signature="loginTest()[pri:0, instance:com.qa.testClasses.LoginPageTest@59fa1d9b]" name="loginTest" duration-ms="19349" started-at="2019-02-09T13:29:47Z" finished-at="2019-02-09T13:30:07Z">
          <reporter-output>
          </reporter-output>
        </test-method> <!-- loginTest -->
        <test-method status="PASS" signature="tearDown()[pri:0, instance:com.qa.testClasses.LoginPageTest@59fa1d9b]" name="tearDown" is-config="true" duration-ms="704" started-at="2019-02-09T13:30:07Z" finished-at="2019-02-09T13:30:07Z">
          <reporter-output>
          </reporter-output>
        </test-method> <!-- tearDown -->
      </class> <!-- com.qa.testClasses.LoginPageTest -->
      <class name="com.qa.testClasses.ContactsPageTest">
        <test-method status="PASS" signature="setup()[pri:0, instance:com.qa.testClasses.ContactsPageTest@47c62251]" name="setup" is-config="true" duration-ms="26328" started-at="2019-02-09T13:24:31Z" finished-at="2019-02-09T13:24:58Z">
          <reporter-output>
          </reporter-output>
        </test-method> <!-- setup -->
        <test-method status="PASS" signature="verifyContactsPageLabelTest()[pri:0, instance:com.qa.testClasses.ContactsPageTest@47c62251]" name="verifyContactsPageLabelTest" duration-ms="59" started-at="2019-02-09T13:24:58Z" finished-at="2019-02-09T13:24:58Z">
          <reporter-output>
          </reporter-output>
        </test-method> <!-- verifyContactsPageLabelTest -->
        <test-method status="PASS" signature="tearDown()[pri:0, instance:com.qa.testClasses.ContactsPageTest@47c62251]" name="tearDown" is-config="true" duration-ms="812" started-at="2019-02-09T13:24:58Z" finished-at="2019-02-09T13:24:59Z">
          <reporter-output>
          </reporter-output>
        </test-method> <!-- tearDown -->
        <test-method status="PASS" signature="setup()[pri:0, instance:com.qa.testClasses.ContactsPageTest@47c62251]" name="setup" is-config="true" duration-ms="25521" started-at="2019-02-09T13:24:59Z" finished-at="2019-02-09T13:25:24Z">
          <reporter-output>
          </reporter-output>
        </test-method> <!-- setup -->
        <test-method status="PASS" signature="selectContactsCheckBoxTest()[pri:0, instance:com.qa.testClasses.ContactsPageTest@47c62251]" name="selectContactsCheckBoxTest" duration-ms="123" started-at="2019-02-09T13:25:24Z" finished-at="2019-02-09T13:25:24Z">
          <reporter-output>
          </reporter-output>
        </test-method> <!-- selectContactsCheckBoxTest -->
        <test-method status="PASS" signature="tearDown()[pri:0, instance:com.qa.testClasses.ContactsPageTest@47c62251]" name="tearDown" is-config="true" duration-ms="757" started-at="2019-02-09T13:25:24Z" finished-at="2019-02-09T13:25:25Z">
          <reporter-output>
          </reporter-output>
        </test-method> <!-- tearDown -->
        <test-method status="PASS" signature="setup()[pri:0, instance:com.qa.testClasses.ContactsPageTest@47c62251]" name="setup" is-config="true" duration-ms="26921" started-at="2019-02-09T13:25:25Z" finished-at="2019-02-09T13:25:52Z">
          <reporter-output>
          </reporter-output>
        </test-method> <!-- setup -->
        <test-method status="PASS" signature="selectMultipleContactsCheckBoxTest()[pri:0, instance:com.qa.testClasses.ContactsPageTest@47c62251]" name="selectMultipleContactsCheckBoxTest" duration-ms="254" started-at="2019-02-09T13:25:52Z" finished-at="2019-02-09T13:25:52Z">
          <reporter-output>
          </reporter-output>
        </test-method> <!-- selectMultipleContactsCheckBoxTest -->
        <test-method status="PASS" signature="tearDown()[pri:0, instance:com.qa.testClasses.ContactsPageTest@47c62251]" name="tearDown" is-config="true" duration-ms="716" started-at="2019-02-09T13:25:52Z" finished-at="2019-02-09T13:25:53Z">
          <reporter-output>
          </reporter-output>
        </test-method> <!-- tearDown -->
        <test-method status="PASS" signature="setup()[pri:0, instance:com.qa.testClasses.ContactsPageTest@47c62251]" name="setup" is-config="true" duration-ms="25012" started-at="2019-02-09T13:25:53Z" finished-at="2019-02-09T13:26:18Z">
          <reporter-output>
          </reporter-output>
        </test-method> <!-- setup -->
        <test-method status="PASS" signature="validateCreateNewContact()[pri:0, instance:com.qa.testClasses.ContactsPageTest@47c62251]" name="validateCreateNewContact" duration-ms="5582" started-at="2019-02-09T13:26:18Z" finished-at="2019-02-09T13:26:23Z">
          <reporter-output>
          </reporter-output>
        </test-method> <!-- validateCreateNewContact -->
        <test-method status="PASS" signature="tearDown()[pri:0, instance:com.qa.testClasses.ContactsPageTest@47c62251]" name="tearDown" is-config="true" duration-ms="694" started-at="2019-02-09T13:26:23Z" finished-at="2019-02-09T13:26:24Z">
          <reporter-output>
          </reporter-output>
        </test-method> <!-- tearDown -->
        <test-method status="PASS" signature="setup()[pri:0, instance:com.qa.testClasses.ContactsPageTest@47c62251]" name="setup" is-config="true" duration-ms="26827" started-at="2019-02-09T13:26:25Z" finished-at="2019-02-09T13:26:52Z">
          <reporter-output>
          </reporter-output>
        </test-method> <!-- setup -->
        <test-method status="PASS" signature="validateCreateNewContact(java.lang.String, java.lang.String, java.lang.String, java.lang.String)[pri:0, instance:com.qa.testClasses.ContactsPageTest@47c62251]" name="validateCreateNewContact" duration-ms="4998" started-at="2019-02-09T13:26:52Z" data-provider="getCRMTestData" finished-at="2019-02-09T13:26:57Z">
          <params>
            <param index="0">
              <value>
                <![CDATA[Mr.]]>
              </value>
            </param>
            <param index="1">
              <value>
                <![CDATA[Tom]]>
              </value>
            </param>
            <param index="2">
              <value>
                <![CDATA[Peter]]>
              </value>
            </param>
            <param index="3">
              <value>
                <![CDATA[Google]]>
              </value>
            </param>
          </params>
          <reporter-output>
          </reporter-output>
        </test-method> <!-- validateCreateNewContact -->
        <test-method status="PASS" signature="tearDown()[pri:0, instance:com.qa.testClasses.ContactsPageTest@47c62251]" name="tearDown" is-config="true" duration-ms="750" started-at="2019-02-09T13:26:57Z" finished-at="2019-02-09T13:26:58Z">
          <reporter-output>
          </reporter-output>
        </test-method> <!-- tearDown -->
        <test-method status="PASS" signature="setup()[pri:0, instance:com.qa.testClasses.ContactsPageTest@47c62251]" name="setup" is-config="true" duration-ms="25344" started-at="2019-02-09T13:26:58Z" finished-at="2019-02-09T13:27:23Z">
          <reporter-output>
          </reporter-output>
        </test-method> <!-- setup -->
        <test-method status="PASS" signature="validateCreateNewContact(java.lang.String, java.lang.String, java.lang.String, java.lang.String)[pri:0, instance:com.qa.testClasses.ContactsPageTest@47c62251]" name="validateCreateNewContact" duration-ms="6130" started-at="2019-02-09T13:27:23Z" data-provider="getCRMTestData" finished-at="2019-02-09T13:27:29Z">
          <params>
            <param index="0">
              <value>
                <![CDATA[Dr.]]>
              </value>
            </param>
            <param index="1">
              <value>
                <![CDATA[Steve]]>
              </value>
            </param>
            <param index="2">
              <value>
                <![CDATA[Harry]]>
              </value>
            </param>
            <param index="3">
              <value>
                <![CDATA[Amazon]]>
              </value>
            </param>
          </params>
          <reporter-output>
          </reporter-output>
        </test-method> <!-- validateCreateNewContact -->
        <test-method status="PASS" signature="tearDown()[pri:0, instance:com.qa.testClasses.ContactsPageTest@47c62251]" name="tearDown" is-config="true" duration-ms="734" started-at="2019-02-09T13:27:29Z" finished-at="2019-02-09T13:27:30Z">
          <reporter-output>
          </reporter-output>
        </test-method> <!-- tearDown -->
        <test-method status="PASS" signature="setup()[pri:0, instance:com.qa.testClasses.ContactsPageTest@47c62251]" name="setup" is-config="true" duration-ms="25511" started-at="2019-02-09T13:27:30Z" finished-at="2019-02-09T13:27:55Z">
          <reporter-output>
          </reporter-output>
        </test-method> <!-- setup -->
        <test-method status="PASS" signature="validateCreateNewContact(java.lang.String, java.lang.String, java.lang.String, java.lang.String)[pri:0, instance:com.qa.testClasses.ContactsPageTest@47c62251]" name="validateCreateNewContact" duration-ms="4472" started-at="2019-02-09T13:27:55Z" data-provider="getCRMTestData" finished-at="2019-02-09T13:28:00Z">
          <params>
            <param index="0">
              <value>
                <![CDATA[Mrs.]]>
              </value>
            </param>
            <param index="1">
              <value>
                <![CDATA[Gubu]]>
              </value>
            </param>
            <param index="2">
              <value>
                <![CDATA[Gubal]]>
              </value>
            </param>
            <param index="3">
              <value>
                <![CDATA[IT software]]>
              </value>
            </param>
          </params>
          <reporter-output>
          </reporter-output>
        </test-method> <!-- validateCreateNewContact -->
        <test-method status="PASS" signature="tearDown()[pri:0, instance:com.qa.testClasses.ContactsPageTest@47c62251]" name="tearDown" is-config="true" duration-ms="773" started-at="2019-02-09T13:28:00Z" finished-at="2019-02-09T13:28:00Z">
          <reporter-output>
          </reporter-output>
        </test-method> <!-- tearDown -->
      </class> <!-- com.qa.testClasses.ContactsPageTest -->
    </test> <!-- CRM Test Cases -->
  </suite> <!-- Free CRM Automation Suite -->
</testng-results>
